# ATOM Phase 0 — pytest log
# generated: 2026-06-29T17:46:10Z UTC
# command: python3 -m pytest -v
# commit: 8fb7ba2
----------------------------------------------------------------------
============================= test session starts ==============================
platform linux -- Python 3.12.3, pytest-9.0.2, pluggy-1.6.0 -- /usr/bin/python3
cachedir: .pytest_cache
metadata: {'Python': '3.12.3', 'Platform': 'Linux-6.8.0-117-generic-x86_64-with-glibc2.39', 'Packages': {'pytest': '9.0.2', 'pluggy': '1.6.0'}, 'Plugins': {'cov': '7.0.0', 'metadata': '3.1.1', 'anyio': '4.13.0', 'json-report': '1.5.0', 'mock': '3.15.1'}}
rootdir: /home/trading_ceo/atom
configfile: pyproject.toml
testpaths: tests
plugins: cov-7.0.0, metadata-3.1.1, anyio-4.13.0, json-report-1.5.0, mock-3.15.1
collecting ... collected 10 items

tests/test_phase0_skeleton.py::test_pipeline_runs_end_to_end PASSED      [ 10%]
tests/test_phase0_skeleton.py::test_all_sixteen_modules_emit_a_trace PASSED [ 20%]
tests/test_phase0_skeleton.py::test_contracts_are_frozen PASSED          [ 30%]
tests/test_phase0_skeleton.py::test_contract_registry_complete PASSED    [ 40%]
tests/test_phase0_skeleton.py::test_regime_stub_is_canned_not_behavioural PASSED [ 50%]
tests/test_scenarios.py::test_all_scenarios_run PASSED                   [ 60%]
tests/test_scenarios.py::test_exit_scenarios_end_flat PASSED             [ 70%]
tests/test_scenarios.py::test_stop_loss_realizes_loss PASSED             [ 80%]
tests/test_scenarios.py::test_take_profit_realizes_gain PASSED           [ 90%]
tests/test_scenarios.py::test_risk_reject_stays_flat_no_pnl PASSED       [100%]

============================== 10 passed in 0.04s ==============================
